2021-12-29 08:02:44.763  INFO 1 --- [main] c.a.dockerized.DockerizedApplication     : Starting DockerizedApplication v0.0.1-SNAPSHOT using Java 1.8.0_312 on 4cf5d1cdfea9 with PID 1 (/app/app.jar started by root in /)
2021-12-29 08:02:44.767  INFO 1 --- [main] c.a.dockerized.DockerizedApplication     : No active profile set, falling back to default profiles: default
2021-12-29 08:02:47.493  INFO 1 --- [main] .s.d.r.c.RepositoryConfigurationDelegate : Bootstrapping Spring Data JPA repositories in DEFAULT mode.
2021-12-29 08:02:47.664  INFO 1 --- [main] .s.d.r.c.RepositoryConfigurationDelegate : Finished Spring Data repository scanning in 139 ms. Found 1 JPA repository interfaces.
2021-12-29 08:02:49.243  INFO 1 --- [main] o.s.b.w.embedded.tomcat.TomcatWebServer  : Tomcat initialized with port(s): 8080 (http)
2021-12-29 08:02:49.281  INFO 1 --- [main] o.apache.catalina.core.StandardService   : Starting service [Tomcat]
2021-12-29 08:02:49.283  INFO 1 --- [main] org.apache.catalina.core.StandardEngine  : Starting Servlet engine: [Apache Tomcat/9.0.46]
2021-12-29 08:02:49.448  INFO 1 --- [main] o.a.c.c.C.[Tomcat].[localhost].[/]       : Initializing Spring embedded WebApplicationContext
2021-12-29 08:02:49.449  INFO 1 --- [main] w.s.c.ServletWebServerApplicationContext : Root WebApplicationContext: initialization completed in 4518 ms
2021-12-29 08:02:49.931  INFO 1 --- [main] o.hibernate.jpa.internal.util.LogHelper  : HHH000204: Processing PersistenceUnitInfo [name: default]
2021-12-29 08:02:50.074  INFO 1 --- [main] org.hibernate.Version                    : HHH000412: Hibernate ORM core version 5.4.32.Final
2021-12-29 08:02:50.623  INFO 1 --- [main] o.hibernate.annotations.common.Version   : HCANN000001: Hibernate Commons Annotations {5.1.2.Final}
2021-12-29 08:02:50.899  INFO 1 --- [main] com.zaxxer.hikari.HikariDataSource       : HikariPool-1 - Starting...
2021-12-29 08:02:51.120  INFO 1 --- [main] com.zaxxer.hikari.HikariDataSource       : HikariPool-1 - Start completed.
2021-12-29 08:02:51.161  INFO 1 --- [main] org.hibernate.dialect.Dialect            : HHH000400: Using dialect: org.hibernate.dialect.PostgreSQLDialect
2021-12-29 08:02:52.353  INFO 1 --- [main] o.h.e.t.j.p.i.JtaPlatformInitiator       : HHH000490: Using JtaPlatform implementation: [org.hibernate.engine.transaction.jta.platform.internal.NoJtaPlatform]
2021-12-29 08:02:52.372  INFO 1 --- [main] j.LocalContainerEntityManagerFactoryBean : Initialized JPA EntityManagerFactory for persistence unit 'default'
2021-12-29 08:02:53.484  WARN 1 --- [main] JpaBaseConfiguration$JpaWebConfiguration : spring.jpa.open-in-view is enabled by default. Therefore, database queries may be performed during view rendering. Explicitly configure spring.jpa.open-in-view to disable this warning
2021-12-29 08:02:53.836  INFO 1 --- [main] pertySourcedRequestMappingHandlerMapping : Mapped URL path [/v2/api-docs] onto method [springfox.documentation.swagger2.web.Swagger2Controller#getDocumentation(String, HttpServletRequest)]
2021-12-29 08:02:54.907  INFO 1 --- [main] o.s.b.w.embedded.tomcat.TomcatWebServer  : Tomcat started on port(s): 8080 (http) with context path ''
2021-12-29 08:02:54.910  INFO 1 --- [main] d.s.w.p.DocumentationPluginsBootstrapper : Context refreshed
2021-12-29 08:02:54.973  INFO 1 --- [main] d.s.w.p.DocumentationPluginsBootstrapper : Found 1 custom documentation plugin(s)
2021-12-29 08:02:55.084  INFO 1 --- [main] s.d.s.w.s.ApiListingReferenceScanner     : Scanning for api listing references
2021-12-29 08:02:55.553  INFO 1 --- [main] c.a.dockerized.DockerizedApplication     : Started DockerizedApplication in 11.855 seconds (JVM running for 12.73)
2021-12-29 08:03:51.035  INFO 1 --- [http-nio-8080-exec-3] o.a.c.c.C.[Tomcat].[localhost].[/]       : Initializing Spring DispatcherServlet 'dispatcherServlet'
2021-12-29 08:03:51.035  INFO 1 --- [http-nio-8080-exec-3] o.s.web.servlet.DispatcherServlet        : Initializing Servlet 'dispatcherServlet'
2021-12-29 08:03:51.039  INFO 1 --- [http-nio-8080-exec-3] o.s.web.servlet.DispatcherServlet        : Completed initialization in 3 ms
2021-12-29 08:03:51.127  INFO 1 --- [http-nio-8080-exec-3] c.a.dockerized.DockerizedApplication     : Get all employees....
2021-12-29 08:04:09.338  INFO 1 --- [http-nio-8080-exec-1] c.a.dockerized.DockerizedApplication     : Get all employees....
2021-12-29 08:04:09.864  INFO 1 --- [http-nio-8080-exec-2] c.a.dockerized.DockerizedApplication     : Get all employees....
2021-12-29 08:05:11.754  INFO 1 --- [SpringApplicationShutdownHook] j.LocalContainerEntityManagerFactoryBean : Closing JPA EntityManagerFactory for persistence unit 'default'
2021-12-29 08:05:11.759  INFO 1 --- [SpringApplicationShutdownHook] com.zaxxer.hikari.HikariDataSource       : HikariPool-1 - Shutdown initiated...
2021-12-29 08:05:11.771  INFO 1 --- [SpringApplicationShutdownHook] com.zaxxer.hikari.HikariDataSource       : HikariPool-1 - Shutdown completed.
2021-12-29 08:05:42.781  INFO 1 --- [main] c.a.dockerized.DockerizedApplication     : Starting DockerizedApplication v0.0.1-SNAPSHOT using Java 1.8.0_312 on 94dd3ad82553 with PID 1 (/app/app.jar started by root in /)
2021-12-29 08:05:42.785  INFO 1 --- [main] c.a.dockerized.DockerizedApplication     : No active profile set, falling back to default profiles: default
2021-12-29 08:05:45.585  INFO 1 --- [main] .s.d.r.c.RepositoryConfigurationDelegate : Bootstrapping Spring Data JPA repositories in DEFAULT mode.
2021-12-29 08:05:45.770  INFO 1 --- [main] .s.d.r.c.RepositoryConfigurationDelegate : Finished Spring Data repository scanning in 155 ms. Found 1 JPA repository interfaces.
2021-12-29 08:05:47.575  INFO 1 --- [main] o.s.b.w.embedded.tomcat.TomcatWebServer  : Tomcat initialized with port(s): 8080 (http)
2021-12-29 08:05:47.601  INFO 1 --- [main] o.apache.catalina.core.StandardService   : Starting service [Tomcat]
2021-12-29 08:05:47.602  INFO 1 --- [main] org.apache.catalina.core.StandardEngine  : Starting Servlet engine: [Apache Tomcat/9.0.46]
2021-12-29 08:05:47.738  INFO 1 --- [main] o.a.c.c.C.[Tomcat].[localhost].[/]       : Initializing Spring embedded WebApplicationContext
2021-12-29 08:05:47.739  INFO 1 --- [main] w.s.c.ServletWebServerApplicationContext : Root WebApplicationContext: initialization completed in 4712 ms
2021-12-29 08:05:48.363  INFO 1 --- [main] o.hibernate.jpa.internal.util.LogHelper  : HHH000204: Processing PersistenceUnitInfo [name: default]
2021-12-29 08:05:48.578  INFO 1 --- [main] org.hibernate.Version                    : HHH000412: Hibernate ORM core version 5.4.32.Final
2021-12-29 08:05:49.334  INFO 1 --- [main] o.hibernate.annotations.common.Version   : HCANN000001: Hibernate Commons Annotations {5.1.2.Final}
2021-12-29 08:05:49.649  INFO 1 --- [main] com.zaxxer.hikari.HikariDataSource       : HikariPool-1 - Starting...
2021-12-29 08:05:49.927  INFO 1 --- [main] com.zaxxer.hikari.HikariDataSource       : HikariPool-1 - Start completed.
2021-12-29 08:05:49.991  INFO 1 --- [main] org.hibernate.dialect.Dialect            : HHH000400: Using dialect: org.hibernate.dialect.PostgreSQLDialect
2021-12-29 08:05:51.237  INFO 1 --- [main] o.h.e.t.j.p.i.JtaPlatformInitiator       : HHH000490: Using JtaPlatform implementation: [org.hibernate.engine.transaction.jta.platform.internal.NoJtaPlatform]
2021-12-29 08:05:51.259  INFO 1 --- [main] j.LocalContainerEntityManagerFactoryBean : Initialized JPA EntityManagerFactory for persistence unit 'default'
2021-12-29 08:05:52.684  WARN 1 --- [main] JpaBaseConfiguration$JpaWebConfiguration : spring.jpa.open-in-view is enabled by default. Therefore, database queries may be performed during view rendering. Explicitly configure spring.jpa.open-in-view to disable this warning
2021-12-29 08:05:53.107  INFO 1 --- [main] pertySourcedRequestMappingHandlerMapping : Mapped URL path [/v2/api-docs] onto method [springfox.documentation.swagger2.web.Swagger2Controller#getDocumentation(String, HttpServletRequest)]
2021-12-29 08:05:53.915  INFO 1 --- [main] o.s.b.w.embedded.tomcat.TomcatWebServer  : Tomcat started on port(s): 8080 (http) with context path ''
2021-12-29 08:05:53.919  INFO 1 --- [main] d.s.w.p.DocumentationPluginsBootstrapper : Context refreshed
2021-12-29 08:05:53.986  INFO 1 --- [main] d.s.w.p.DocumentationPluginsBootstrapper : Found 1 custom documentation plugin(s)
2021-12-29 08:05:54.104  INFO 1 --- [main] s.d.s.w.s.ApiListingReferenceScanner     : Scanning for api listing references
2021-12-29 08:05:54.506  INFO 1 --- [main] c.a.dockerized.DockerizedApplication     : Started DockerizedApplication in 12.842 seconds (JVM running for 13.813)
2021-12-29 08:07:16.229  INFO 1 --- [http-nio-8080-exec-1] o.a.c.c.C.[Tomcat].[localhost].[/]       : Initializing Spring DispatcherServlet 'dispatcherServlet'
2021-12-29 08:07:16.230  INFO 1 --- [http-nio-8080-exec-1] o.s.web.servlet.DispatcherServlet        : Initializing Servlet 'dispatcherServlet'
2021-12-29 08:07:16.234  INFO 1 --- [http-nio-8080-exec-1] o.s.web.servlet.DispatcherServlet        : Completed initialization in 3 ms
2021-12-29 08:07:16.302  INFO 1 --- [http-nio-8080-exec-1] c.a.dockerized.DockerizedApplication     : Get all employees....
