2021-12-29 07:29:46.071  INFO 1 --- [main] c.a.dockerized.DockerizedApplication     : Starting DockerizedApplication v0.0.1-SNAPSHOT using Java 1.8.0_312 on fcd8577da792 with PID 1 (/app/app.jar started by root in /)
2021-12-29 07:29:46.075  INFO 1 --- [main] c.a.dockerized.DockerizedApplication     : No active profile set, falling back to default profiles: default
2021-12-29 07:29:49.445  INFO 1 --- [main] .s.d.r.c.RepositoryConfigurationDelegate : Bootstrapping Spring Data JPA repositories in DEFAULT mode.
2021-12-29 07:29:49.737  INFO 1 --- [main] .s.d.r.c.RepositoryConfigurationDelegate : Finished Spring Data repository scanning in 232 ms. Found 1 JPA repository interfaces.
2021-12-29 07:29:51.658  INFO 1 --- [main] o.s.b.w.embedded.tomcat.TomcatWebServer  : Tomcat initialized with port(s): 8080 (http)
2021-12-29 07:29:51.699  INFO 1 --- [main] o.apache.catalina.core.StandardService   : Starting service [Tomcat]
2021-12-29 07:29:51.701  INFO 1 --- [main] org.apache.catalina.core.StandardEngine  : Starting Servlet engine: [Apache Tomcat/9.0.46]
2021-12-29 07:29:51.913  INFO 1 --- [main] o.a.c.c.C.[Tomcat].[localhost].[/]       : Initializing Spring embedded WebApplicationContext
2021-12-29 07:29:51.916  INFO 1 --- [main] w.s.c.ServletWebServerApplicationContext : Root WebApplicationContext: initialization completed in 5497 ms
2021-12-29 07:29:52.623  INFO 1 --- [main] o.hibernate.jpa.internal.util.LogHelper  : HHH000204: Processing PersistenceUnitInfo [name: default]
2021-12-29 07:29:52.864  INFO 1 --- [main] org.hibernate.Version                    : HHH000412: Hibernate ORM core version 5.4.32.Final
2021-12-29 07:29:53.484  INFO 1 --- [main] o.hibernate.annotations.common.Version   : HCANN000001: Hibernate Commons Annotations {5.1.2.Final}
2021-12-29 07:29:53.780  INFO 1 --- [main] com.zaxxer.hikari.HikariDataSource       : HikariPool-1 - Starting...
2021-12-29 07:29:53.994  INFO 1 --- [main] com.zaxxer.hikari.HikariDataSource       : HikariPool-1 - Start completed.
2021-12-29 07:29:54.098  INFO 1 --- [main] org.hibernate.dialect.Dialect            : HHH000400: Using dialect: org.hibernate.dialect.PostgreSQLDialect
2021-12-29 07:29:55.691  INFO 1 --- [main] o.h.e.t.j.p.i.JtaPlatformInitiator       : HHH000490: Using JtaPlatform implementation: [org.hibernate.engine.transaction.jta.platform.internal.NoJtaPlatform]
2021-12-29 07:29:55.725  INFO 1 --- [main] j.LocalContainerEntityManagerFactoryBean : Initialized JPA EntityManagerFactory for persistence unit 'default'
2021-12-29 07:29:57.209  WARN 1 --- [main] JpaBaseConfiguration$JpaWebConfiguration : spring.jpa.open-in-view is enabled by default. Therefore, database queries may be performed during view rendering. Explicitly configure spring.jpa.open-in-view to disable this warning
2021-12-29 07:29:57.713  INFO 1 --- [main] pertySourcedRequestMappingHandlerMapping : Mapped URL path [/v2/api-docs] onto method [springfox.documentation.swagger2.web.Swagger2Controller#getDocumentation(String, HttpServletRequest)]
2021-12-29 07:29:59.103  INFO 1 --- [main] o.s.b.w.embedded.tomcat.TomcatWebServer  : Tomcat started on port(s): 8080 (http) with context path ''
2021-12-29 07:29:59.108  INFO 1 --- [main] d.s.w.p.DocumentationPluginsBootstrapper : Context refreshed
2021-12-29 07:29:59.196  INFO 1 --- [main] d.s.w.p.DocumentationPluginsBootstrapper : Found 1 custom documentation plugin(s)
2021-12-29 07:29:59.350  INFO 1 --- [main] s.d.s.w.s.ApiListingReferenceScanner     : Scanning for api listing references
2021-12-29 07:29:59.790  INFO 1 --- [main] c.a.dockerized.DockerizedApplication     : Started DockerizedApplication in 15.072 seconds (JVM running for 16.105)
2021-12-29 07:30:20.374  INFO 1 --- [http-nio-8080-exec-1] o.a.c.c.C.[Tomcat].[localhost].[/]       : Initializing Spring DispatcherServlet 'dispatcherServlet'
2021-12-29 07:30:20.375  INFO 1 --- [http-nio-8080-exec-1] o.s.web.servlet.DispatcherServlet        : Initializing Servlet 'dispatcherServlet'
2021-12-29 07:30:20.379  INFO 1 --- [http-nio-8080-exec-1] o.s.web.servlet.DispatcherServlet        : Completed initialization in 3 ms
2021-12-29 07:30:20.476  INFO 1 --- [http-nio-8080-exec-1] c.a.dockerized.DockerizedApplication     : Get all employees....
2021-12-29 07:36:06.897  INFO 1 --- [SpringApplicationShutdownHook] j.LocalContainerEntityManagerFactoryBean : Closing JPA EntityManagerFactory for persistence unit 'default'
2021-12-29 07:36:06.966  INFO 1 --- [SpringApplicationShutdownHook] com.zaxxer.hikari.HikariDataSource       : HikariPool-1 - Shutdown initiated...
2021-12-29 07:36:06.979  INFO 1 --- [SpringApplicationShutdownHook] com.zaxxer.hikari.HikariDataSource       : HikariPool-1 - Shutdown completed.
